[debug] [2024-08-03T15:44:14.789Z] ----------------------------------------------------------------------
[debug] [2024-08-03T15:44:14.790Z] Command:       C:\Program Files\nodejs\node.exe C:\Users\PC\AppData\Roaming\npm\node_modules\firebase-tools\lib\bin\firebase.js init
[debug] [2024-08-03T15:44:14.790Z] CLI Version:   13.15.0
[debug] [2024-08-03T15:44:14.791Z] Platform:      win32
[debug] [2024-08-03T15:44:14.791Z] Node Version:  v18.16.0
[debug] [2024-08-03T15:44:14.791Z] Time:          Sat Aug 03 2024 22:44:14 GMT+0700 (Indochina Time)
[debug] [2024-08-03T15:44:14.792Z] ----------------------------------------------------------------------
[debug] 
[debug] [2024-08-03T15:44:14.846Z] > command requires scopes: ["email","openid","https://www.googleapis.com/auth/cloudplatformprojects.readonly","https://www.googleapis.com/auth/firebase","https://www.googleapis.com/auth/cloud-platform"]
[debug] [2024-08-03T15:44:14.847Z] > authorizing via signed-in user (naphat4566@gmail.com)
[info] 
     ######## #### ########  ######## ########     ###     ######  ########
     ##        ##  ##     ## ##       ##     ##  ##   ##  ##       ##
     ######    ##  ########  ######   ########  #########  ######  ######
     ##        ##  ##    ##  ##       ##     ## ##     ##       ## ##
     ##       #### ##     ## ######## ########  ##     ##  ######  ########

You're about to initialize a Firebase project in this directory:

  D:\playground\booking-queqe

Before we get started, keep in mind:

  * You are initializing within an existing Firebase project directory

[info] 
=== Project Setup
[info] 
[info] First, let's associate this project directory with a Firebase project.
[info] You can create multiple project aliases by running firebase use --add, 
[info] but for now we'll just set up a default project.
[info] 
[debug] [2024-08-03T15:44:49.217Z] Using project from CLI flag: booking-queqe
[debug] [2024-08-03T15:44:49.218Z] >>> [apiv2][query] GET https://firebase.googleapis.com/v1beta1/projects/booking-queqe [none]
[debug] [2024-08-03T15:44:49.659Z] <<< [apiv2][status] GET https://firebase.googleapis.com/v1beta1/projects/booking-queqe 200
[debug] [2024-08-03T15:44:49.659Z] <<< [apiv2][body] GET https://firebase.googleapis.com/v1beta1/projects/booking-queqe {"projectId":"booking-queqe","projectNumber":"960564694351","displayName":"booking-queqe","name":"projects/booking-queqe","resources":{"hostingSite":"booking-queqe","realtimeDatabaseInstance":"booking-queqe-default-rtdb"},"state":"ACTIVE","etag":"1_f6d80101-b9da-4f3e-9960-74a3137d5410"}
[info] i  Using project booking-queqe (booking-queqe) 
[info] 
=== Database Setup
[info] i  database: ensuring required API firebasedatabase.googleapis.com is enabled... 
[debug] [2024-08-03T15:44:49.667Z] >>> [apiv2][query] GET https://serviceusage.googleapis.com/v1/projects/booking-queqe/services/firebasedatabase.googleapis.com [none]
[debug] [2024-08-03T15:44:49.667Z] >>> [apiv2][(partial)header] GET https://serviceusage.googleapis.com/v1/projects/booking-queqe/services/firebasedatabase.googleapis.com x-goog-quota-user=projects/booking-queqe
[debug] [2024-08-03T15:44:51.212Z] <<< [apiv2][status] GET https://serviceusage.googleapis.com/v1/projects/booking-queqe/services/firebasedatabase.googleapis.com 200
[debug] [2024-08-03T15:44:51.212Z] <<< [apiv2][body] GET https://serviceusage.googleapis.com/v1/projects/booking-queqe/services/firebasedatabase.googleapis.com [omitted]
[info] +  database: required API firebasedatabase.googleapis.com is enabled 
[info] 
[debug] [2024-08-03T15:44:51.213Z] >>> [apiv2][query] GET https://firebasedatabase.googleapis.com/v1beta/projects/booking-queqe/locations/-/instances/booking-queqe-default-rtdb [none]
[debug] [2024-08-03T15:44:52.636Z] <<< [apiv2][status] GET https://firebasedatabase.googleapis.com/v1beta/projects/booking-queqe/locations/-/instances/booking-queqe-default-rtdb 200
[debug] [2024-08-03T15:44:52.636Z] <<< [apiv2][body] GET https://firebasedatabase.googleapis.com/v1beta/projects/booking-queqe/locations/-/instances/booking-queqe-default-rtdb {"name":"projects/960564694351/locations/asia-southeast1/instances/booking-queqe-default-rtdb","project":"projects/960564694351","databaseUrl":"https://booking-queqe-default-rtdb.asia-southeast1.firebasedatabase.app","type":"DEFAULT_DATABASE","state":"ACTIVE"}
[info] 
[info] Firebase Realtime Database Security Rules allow you to define how your data should be
[info] structured and when your data can be read from and written to.
[info] 
[debug] [2024-08-03T15:45:01.411Z] >>> [apiv2][query] GET https://booking-queqe-default-rtdb.asia-southeast1.firebasedatabase.app/.settings/rules.json [none]
[debug] [2024-08-03T15:45:01.560Z] <<< [apiv2][status] GET https://booking-queqe-default-rtdb.asia-southeast1.firebasedatabase.app/.settings/rules.json 200
[debug] [2024-08-03T15:45:01.560Z] <<< [apiv2][body] GET https://booking-queqe-default-rtdb.asia-southeast1.firebasedatabase.app/.settings/rules.json [stream]
[info] +  Database Rules for booking-queqe-default-rtdb have been written to database.rules.json. 
[info] Future modifications to database.rules.json will update Realtime Database Security Rules when you run
[info] firebase deploy.
[info] 
=== Hosting Setup
[debug] [2024-08-03T15:45:01.566Z] >>> [apiv2][query] GET https://firebase.googleapis.com/v1beta1/projects/booking-queqe [none]
[debug] [2024-08-03T15:45:01.928Z] <<< [apiv2][status] GET https://firebase.googleapis.com/v1beta1/projects/booking-queqe 200
[debug] [2024-08-03T15:45:01.928Z] <<< [apiv2][body] GET https://firebase.googleapis.com/v1beta1/projects/booking-queqe {"projectId":"booking-queqe","projectNumber":"960564694351","displayName":"booking-queqe","name":"projects/booking-queqe","resources":{"hostingSite":"booking-queqe","realtimeDatabaseInstance":"booking-queqe-default-rtdb"},"state":"ACTIVE","etag":"1_f6d80101-b9da-4f3e-9960-74a3137d5410"}
[info] 
[info] Your public directory is the folder (relative to your project directory) that
[info] will contain Hosting assets to be uploaded with firebase deploy. If you
[info] have a build process for your assets, use your build's output directory.
[info] 
[debug] [2024-08-03T15:45:24.341Z] >>> [apiv2][query] GET https://www.gstatic.com/firebasejs/releases.json [none]
[debug] [2024-08-03T15:45:24.438Z] <<< [apiv2][status] GET https://www.gstatic.com/firebasejs/releases.json 200
[debug] [2024-08-03T15:45:24.438Z] <<< [apiv2][body] GET https://www.gstatic.com/firebasejs/releases.json {"current":{"version":"10.12.5","browserURL":"https://www.gstatic.com/firebasejs/10.12.5/firebase.js","packageURL":"https://www.gstatic.com/firebasejs/10.12.5/firebase.tgz"},"live":{"version":"10.12","browserURL":"https://www.gstatic.com/firebasejs/live/10.12/firebase.js","packageURL":"https://www.gstatic.com/firebasejs/live/10.12/firebase.tgz"},"components":{"analytics":"https://www.gstatic.com/firebasejs/10.12.5/firebase-analytics.js","app":"https://www.gstatic.com/firebasejs/10.12.5/firebase-app.js","app-check":"https://www.gstatic.com/firebasejs/10.12.5/firebase-app-check.js","auth":"https://www.gstatic.com/firebasejs/10.12.5/firebase-auth.js","auth/cordova":"https://www.gstatic.com/firebasejs/10.12.5/firebase-auth/cordova.js","auth/web-extension":"https://www.gstatic.com/firebasejs/10.12.5/firebase-auth/web-extension.js","functions":"https://www.gstatic.com/firebasejs/10.12.5/firebase-functions.js","firestore":"https://www.gstatic.com/firebasejs/10.12.5/firebase-firestore.js","firestore/lite":"https://www.gstatic.com/firebasejs/10.12.5/firebase-firestore/lite.js","installations":"https://www.gstatic.com/firebasejs/10.12.5/firebase-installations.js","storage":"https://www.gstatic.com/firebasejs/10.12.5/firebase-storage.js","performance":"https://www.gstatic.com/firebasejs/10.12.5/firebase-performance.js","remote-config":"https://www.gstatic.com/firebasejs/10.12.5/firebase-remote-config.js","messaging":"https://www.gstatic.com/firebasejs/10.12.5/firebase-messaging.js","messaging/sw":"https://www.gstatic.com/firebasejs/10.12.5/firebase-messaging/sw.js","database":"https://www.gstatic.com/firebasejs/10.12.5/firebase-database.js","vertexai-preview":"https://www.gstatic.com/firebasejs/10.12.5/firebase-vertexai-preview.js","firestore.memory":"https://www.gstatic.com/firebasejs/10.12.5/firebase-firestore.memory.js"}}
[info] +  Wrote public/index.html 
[info] 
[info] i  Detected a .git folder at D:\playground\booking-queqe 
[info] i  Authorizing with GitHub to upload your service account to a GitHub repository's secrets store. 
[info] 
[info] Visit this URL on this device to log in:
[info] https://github.com/login/oauth/authorize?client_id=89cf50f02ac6aaed3484&state=956883342&redirect_uri=http%3A%2F%2Flocalhost%3A9005&scope=read%3Auser%20repo%20public_repo
[info] 
[info] Waiting for authentication...
[debug] [2024-08-03T15:45:44.541Z] >>> [apiv2][query] POST https://github.com/login/oauth/access_token [none]
[debug] [2024-08-03T15:45:44.541Z] >>> [apiv2][body] POST https://github.com/login/oauth/access_token [stream]
[debug] [2024-08-03T15:45:44.976Z] <<< [apiv2][status] POST https://github.com/login/oauth/access_token 200
[debug] [2024-08-03T15:45:44.977Z] <<< [apiv2][body] POST https://github.com/login/oauth/access_token {"access_token":"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","token_type":"bearer","scope":"read:user,repo"}
[debug] [2024-08-03T15:45:44.989Z] >>> [apiv2][query] GET https://api.github.com/user [none]
[debug] [2024-08-03T15:45:45.447Z] <<< [apiv2][status] GET https://api.github.com/user 200
[debug] [2024-08-03T15:45:45.447Z] <<< [apiv2][body] GET https://api.github.com/user {"login":"Tian-np","id":56323055,"node_id":"MDQ6VXNlcjU2MzIzMDU1","avatar_url":"https://avatars.githubusercontent.com/u/56323055?v=4","gravatar_id":"","url":"https://api.github.com/users/Tian-np","html_url":"https://github.com/Tian-np","followers_url":"https://api.github.com/users/Tian-np/followers","following_url":"https://api.github.com/users/Tian-np/following{/other_user}","gists_url":"https://api.github.com/users/Tian-np/gists{/gist_id}","starred_url":"https://api.github.com/users/Tian-np/starred{/owner}{/repo}","subscriptions_url":"https://api.github.com/users/Tian-np/subscriptions","organizations_url":"https://api.github.com/users/Tian-np/orgs","repos_url":"https://api.github.com/users/Tian-np/repos","events_url":"https://api.github.com/users/Tian-np/events{/privacy}","received_events_url":"https://api.github.com/users/Tian-np/received_events","type":"User","site_admin":false,"name":"Naphat Pornbunruang","company":null,"blog":"","location":"Bangkok TH","email":null,"hireable":null,"bio":null,"twitter_username":null,"notification_email":null,"public_repos":37,"public_gists":0,"followers":4,"following":7,"created_at":"2019-10-08T21:05:55Z","updated_at":"2024-07-29T08:09:59Z","private_gists":0,"total_private_repos":4,"owned_private_repos":4,"disk_usage":134836,"collaborators":0,"two_factor_authentication":false,"plan":{"name":"free","space":976562499,"collaborators":0,"private_repos":10000}}
[info] 
[info] +  Success! Logged into GitHub as Tian-np 
[info] 
[debug] [2024-08-03T15:46:04.669Z] >>> [apiv2][query] GET https://api.github.com/repos//actions/secrets/public-key type=owner
[debug] [2024-08-03T15:46:05.031Z] <<< [apiv2][status] GET https://api.github.com/repos//actions/secrets/public-key 404
[debug] [2024-08-03T15:46:05.031Z] <<< [apiv2][body] GET https://api.github.com/repos//actions/secrets/public-key {"message":"Not Found","documentation_url":"https://docs.github.com/rest","status":"404"}
[info] 
[info] 
[error] !  The provided authorization cannot be used with this repository. If this repository is in an organization, did you remember to grant access? 
[info] 
[info] i  Action required: Visit this URL to ensure access has been granted to the appropriate organization(s) for the Firebase CLI GitHub OAuth App: 
[info] https://github.com/settings/connections/applications/89cf50f02ac6aaed3484
[info] 
